  Automatic MOC and UIC for target coursework
  Building Custom Rule D:/coursework/invest_trader/CMakeLists.txt
  mocs_compilation.cpp
  BoughtCollection.cpp
  changeinformation.cpp
  client.cpp
  graphics.cpp
  Investment.cpp
  mainwindow.cpp
  main.cpp
  myinvestment.cpp
  PaperCollection.cpp
  qcustomplot.cpp
D:\coursework\invest_trader\qcustomplot.cpp(3121,5): warning C4996: 'QFlags<Qt::AlignmentFlag>::QFlags': Use default constructor instead
D:\coursework\invest_trader\qcustomplot.cpp(7461,3): warning C4996: 'QSet<QCPItemPosition *>::toList': Use values() instead.
D:\coursework\invest_trader\qcustomplot.cpp(7466,3): warning C4996: 'QSet<QCPItemPosition *>::toList': Use values() instead.
D:\coursework\invest_trader\qcustomplot.cpp(7639,3): warning C4996: 'QSet<QCPItemPosition *>::toList': Use values() instead.
D:\coursework\invest_trader\qcustomplot.cpp(7644,3): warning C4996: 'QSet<QCPItemPosition *>::toList': Use values() instead.
D:\coursework\invest_trader\qcustomplot.cpp(9026,16): warning C4996: 'QFlags<QCP::Interaction>::QFlags': Use default constructor instead
D:\coursework\invest_trader\qcustomplot.cpp(10372,37): warning C4996: 'QPainter::HighQualityAntialiasing': Use Antialiasing instead
D:\coursework\invest_trader\qcustomplot.cpp(10855,51): warning C4996: 'QWheelEvent::pos': Use position()
D:\coursework\invest_trader\qcustomplot.cpp(12580,32): warning C4996: 'QWheelEvent::delta': Use angleDelta()
D:\coursework\invest_trader\qcustomplot.cpp(12585,102): warning C4996: 'QWheelEvent::pos': Use position()
D:\coursework\invest_trader\qcustomplot.cpp(12591,102): warning C4996: 'QWheelEvent::pos': Use position()
D:\coursework\invest_trader\qcustomplot.cpp(14012,36): warning C4996: 'QFlags<Qt::Orientation>::QFlags': Use default constructor instead
D:\coursework\invest_trader\qcustomplot.cpp(14032,36): warning C4996: 'QFlags<Qt::Orientation>::QFlags': Use default constructor instead
D:\coursework\invest_trader\qcustomplot.cpp(14544,10): warning C4996: 'QMap<double,QCPData>::insertMulti': Use QMultiMap for maps storing multiple values with the same key.
D:\coursework\invest_trader\qcustomplot.cpp(14570,10): warning C4996: 'QMap<double,QCPData>::insertMulti': Use QMultiMap for maps storing multiple values with the same key.
D:\coursework\invest_trader\qcustomplot.cpp(14597,10): warning C4996: 'QMap<double,QCPData>::insertMulti': Use QMultiMap for maps storing multiple values with the same key.
D:\coursework\invest_trader\qcustomplot.cpp(14623,10): warning C4996: 'QMap<double,QCPData>::insertMulti': Use QMultiMap for maps storing multiple values with the same key.
D:\coursework\invest_trader\qcustomplot.cpp(14650,10): warning C4996: 'QMap<double,QCPData>::insertMulti': Use QMultiMap for maps storing multiple values with the same key.
D:\coursework\invest_trader\qcustomplot.cpp(14679,10): warning C4996: 'QMap<double,QCPData>::insertMulti': Use QMultiMap for maps storing multiple values with the same key.
D:\coursework\invest_trader\qcustomplot.cpp(14710,10): warning C4996: 'QMap<double,QCPData>::insertMulti': Use QMultiMap for maps storing multiple values with the same key.
D:\coursework\invest_trader\qcustomplot.cpp(14858,8): warning C4996: 'QMap<double,QCPData>::unite': Use QMultiMap for maps storing multiple values with the same key.
D:\coursework\invest_trader\qcustomplot.cpp(14871,8): warning C4996: 'QMap<double,QCPData>::insertMulti': Use QMultiMap for maps storing multiple values with the same key.
D:\coursework\invest_trader\qcustomplot.cpp(14887,8): warning C4996: 'QMap<double,QCPData>::insertMulti': Use QMultiMap for maps storing multiple values with the same key.
D:\coursework\invest_trader\qcustomplot.cpp(14906,10): warning C4996: 'QMap<double,QCPData>::insertMulti': Use QMultiMap for maps storing multiple values with the same key.
D:\coursework\invest_trader\qcustomplot.cpp(16864,10): warning C4996: 'QMap<double,QCPCurveData>::insertMulti': Use QMultiMap for maps storing multiple values with the same key.
D:\coursework\invest_trader\qcustomplot.cpp(16884,10): warning C4996: 'QMap<double,QCPCurveData>::insertMulti': Use QMultiMap for maps storing multiple values with the same key.
D:\coursework\invest_trader\qcustomplot.cpp(16918,8): warning C4996: 'QMap<double,QCPCurveData>::unite': Use QMultiMap for maps storing multiple values with the same key.
D:\coursework\invest_trader\qcustomplot.cpp(16927,8): warning C4996: 'QMap<double,QCPCurveData>::insertMulti': Use QMultiMap for maps storing multiple values with the same key.
D:\coursework\invest_trader\qcustomplot.cpp(16940,8): warning C4996: 'QMap<double,QCPCurveData>::insertMulti': Use QMultiMap for maps storing multiple values with the same key.
D:\coursework\invest_trader\qcustomplot.cpp(16960,8): warning C4996: 'QMap<double,QCPCurveData>::insertMulti': Use QMultiMap for maps storing multiple values with the same key.
D:\coursework\invest_trader\qcustomplot.cpp(16978,10): warning C4996: 'QMap<double,QCPCurveData>::insertMulti': Use QMultiMap for maps storing multiple values with the same key.
D:\coursework\invest_trader\qcustomplot.cpp(18569,10): warning C4996: 'QMap<double,QCPBarData>::insertMulti': Use QMultiMap for maps storing multiple values with the same key.
D:\coursework\invest_trader\qcustomplot.cpp(18645,8): warning C4996: 'QMap<double,QCPBarData>::unite': Use QMultiMap for maps storing multiple values with the same key.
D:\coursework\invest_trader\qcustomplot.cpp(18654,8): warning C4996: 'QMap<double,QCPBarData>::insertMulti': Use QMultiMap for maps storing multiple values with the same key.
D:\coursework\invest_trader\qcustomplot.cpp(18666,8): warning C4996: 'QMap<double,QCPBarData>::insertMulti': Use QMultiMap for maps storing multiple values with the same key.
D:\coursework\invest_trader\qcustomplot.cpp(18682,10): warning C4996: 'QMap<double,QCPBarData>::insertMulti': Use QMultiMap for maps storing multiple values with the same key.
D:\coursework\invest_trader\qcustomplot.cpp(20693,10): warning C4996: 'QMap<double,QCPFinancialData>::insertMulti': Use QMultiMap for maps storing multiple values with the same key.
D:\coursework\invest_trader\qcustomplot.cpp(20795,8): warning C4996: 'QMap<double,QCPFinancialData>::unite': Use QMultiMap for maps storing multiple values with the same key.
D:\coursework\invest_trader\qcustomplot.cpp(20809,8): warning C4996: 'QMap<double,QCPFinancialData>::insertMulti': Use QMultiMap for maps storing multiple values with the same key.
D:\coursework\invest_trader\qcustomplot.cpp(20824,8): warning C4996: 'QMap<double,QCPFinancialData>::insertMulti': Use QMultiMap for maps storing multiple values with the same key.
D:\coursework\invest_trader\qcustomplot.cpp(20845,10): warning C4996: 'QMap<double,QCPFinancialData>::insertMulti': Use QMultiMap for maps storing multiple values with the same key.
  SecurityPaper.cpp
  User.cpp
  utils.cpp
D:\coursework\invest_trader\utils.cpp(13,15): warning C4834: отмена возвращаемого значения функции с атрибутом "nodiscard"
D:\coursework\invest_trader\utils.cpp(32,37): warning C4267: =: преобразование из "size_t" в "unsigned int"; возможна потеря данных
D:\coursework\invest_trader\utils.cpp(142,20): warning C4996: 'localtime': This function or variable may be unsafe. Consider using localtime_s instead. To disable deprecation, use _CRT_SECURE_NO_WARNINGS. See online help for details.
  Создание кода...
  coursework.vcxproj -> D:\coursework\build\Debug\coursework.exe
